This file contains any messages produced by compilers while
running configure, to aid debugging if configure makes a mistake.

It was created by libass configure 0.14.0, which was
generated by GNU Autoconf 2.69.  Invocation command line was

  $ ./configure --enable-test --disable-fontconfig CFLAGS=-O0 -g CPPFLAGS=-O0 -g

## --------- ##
## Platform. ##
## --------- ##

hostname = USER08C2
uname -m = x86_64
uname -r = 2.9.0(0.318/5/3)
uname -s = MINGW64_NT-10.0
uname -v = 2017-09-13 23:16

/usr/bin/uname -p = unknown
/bin/uname -X     = unknown

/bin/arch              = x86_64
/usr/bin/arch -k       = unknown
/usr/convex/getsysinfo = unknown
/usr/bin/hostinfo      = unknown
/bin/machine           = unknown
/usr/bin/oslevel       = unknown
/bin/universe          = unknown

PATH: /c/msys64/mingw64/bin/
PATH: /c/msys64/mingw64/lib/
PATH: /mingw64/bin
PATH: /usr/local/bin
PATH: /usr/bin
PATH: /bin
PATH: /c/Windows/System32
PATH: /c/Windows
PATH: /c/Windows/System32/Wbem
PATH: /c/Windows/System32/WindowsPowerShell/v1.0/
PATH: /usr/bin/site_perl
PATH: /usr/bin/vendor_perl
PATH: /usr/bin/core_perl
PATH: /c/Program Files (x86)/Microsoft Visual Studio 14.0/VC/bin/
PATH: C
PATH: /shareproject/MovieMakeAdvance/EffectAdvance/openshot-audio_64/lib/


## ----------- ##
## Core tests. ##
## ----------- ##

configure:2273: loading site script /mingw64/etc/config.site
| # This file is in public domain.
| # Original author: Karlson2k (Evgeny Grin)
| # Written for MSys2/MinGW64 to help running 'configure' scripts
| 
| # Defaults for MinGW64-targeted programs
| 
| # Set proper selfname on bash and fallback to default name on other shells
| test -n "${BASH_SOURCE}" 2>/dev/null && config_site_me="${BASH_SOURCE[0]##*/}" || config_site_me=config.site
| 
| # Set default 'host' to speedup configure
| if test -z "$build_alias"; then
|   build_alias="${MSYSTEM_CHOST-x86_64-w64-mingw32}" && \
|     $as_echo "$config_site_me:${as_lineno-$LINENO}: default build_alias set to $build_alias" >&5 
| fi
| 
| # Set default 'prefix' to "/mingw64"
| if ( test -z "$prefix" || test "x$prefix" = "xNONE" ) && \
|    ( test -z "$exec_prefix" || test "x$exec_prefix" = "xNONE" ); then
|   prefix="${MSYSTEM_PREFIX-/mingw64}" && \
|     $as_echo "$config_site_me:${as_lineno-$LINENO}: default prefix set to $prefix" >&5
| fi
config.site:13: default build_alias set to x86_64-w64-mingw32
config.site:20: default prefix set to /mingw64
configure:2414: checking for a BSD-compatible install
configure:2482: result: /usr/bin/install -c
configure:2493: checking whether build environment is sane
configure:2548: result: yes
configure:2699: checking for a thread-safe mkdir -p
configure:2738: result: /usr/bin/mkdir -p
configure:2745: checking for gawk
configure:2761: found /usr/bin/gawk
configure:2772: result: gawk
configure:2783: checking whether make sets $(MAKE)
configure:2805: result: yes
configure:2834: checking whether make supports nested variables
configure:2851: result: yes
configure:3009: checking build system type
configure:3023: result: x86_64-w64-mingw32
configure:3043: checking host system type
configure:3056: result: x86_64-w64-mingw32
configure:3097: checking how to print strings
configure:3124: result: printf
configure:3157: checking for style of include used by make
configure:3185: result: GNU
configure:3256: checking for gcc
configure:3272: found /c/msys64/mingw64/bin//gcc
configure:3283: result: gcc
configure:3512: checking for C compiler version
configure:3521: gcc --version >&5
gcc.exe (Rev1, Built by MSYS2 project) 7.2.0
Copyright (C) 2017 Free Software Foundation, Inc.
This is free software; see the source for copying conditions.  There is NO
warranty; not even for MERCHANTABILITY or FITNESS FOR A PARTICULAR PURPOSE.

configure:3532: $? = 0
configure:3521: gcc -v >&5
Using built-in specs.
COLLECT_GCC=C:\msys64\mingw64\bin\gcc.exe
COLLECT_LTO_WRAPPER=C:/msys64/mingw64/bin/../lib/gcc/x86_64-w64-mingw32/7.2.0/lto-wrapper.exe
Target: x86_64-w64-mingw32
Configured with: ../gcc-7.2.0/configure --prefix=/mingw64 --with-local-prefix=/mingw64/local --build=x86_64-w64-mingw32 --host=x86_64-w64-mingw32 --target=x86_64-w64-mingw32 --with-native-system-header-dir=/mingw64/x86_64-w64-mingw32/include --libexecdir=/mingw64/lib --enable-bootstrap --with-arch=x86-64 --with-tune=generic --enable-languages=c,lto,c++,objc,obj-c++,fortran,ada --enable-shared --enable-static --enable-libatomic --enable-threads=posix --enable-graphite --enable-fully-dynamic-string --enable-libstdcxx-time=yes --disable-libstdcxx-pch --disable-libstdcxx-debug --disable-isl-version-check --enable-lto --enable-libgomp --disable-multilib --enable-checking=release --disable-rpath --disable-win32-registry --disable-nls --disable-werror --disable-symvers --with-libiconv --with-system-zlib --with-gmp=/mingw64 --with-mpfr=/mingw64 --with-mpc=/mingw64 --with-isl=/mingw64 --with-pkgversion='Rev1, Built by MSYS2 project' --with-bugurl=https://sourceforge.net/projects/msys2 --with-gnu-as --with-gnu-ld
Thread model: posix
gcc version 7.2.0 (Rev1, Built by MSYS2 project) 
configure:3532: $? = 0
configure:3521: gcc -V >&5
gcc.exe: error: unrecognized command line option '-V'
gcc.exe: fatal error: no input files
compilation terminated.
configure:3532: $? = 1
configure:3521: gcc -qversion >&5
gcc.exe: error: unrecognized command line option '-qversion'; did you mean '--version'?
gcc.exe: fatal error: no input files
compilation terminated.
configure:3532: $? = 1
configure:3552: checking whether the C compiler works
configure:3574: gcc -O0 -g -O0 -g  conftest.c  >&5
configure:3578: $? = 0
configure:3626: result: yes
configure:3629: checking for C compiler default output file name
configure:3631: result: a.exe
configure:3637: checking for suffix of executables
configure:3644: gcc -o conftest.exe -O0 -g -O0 -g  conftest.c  >&5
configure:3648: $? = 0
configure:3670: result: .exe
configure:3692: checking whether we are cross compiling
configure:3700: gcc -o conftest.exe -O0 -g -O0 -g  conftest.c  >&5
configure:3704: $? = 0
configure:3711: ./conftest.exe
configure:3715: $? = 0
configure:3730: result: no
configure:3735: checking for suffix of object files
configure:3757: gcc -c -O0 -g -O0 -g conftest.c >&5
configure:3761: $? = 0
configure:3782: result: o
configure:3786: checking whether we are using the GNU C compiler
configure:3805: gcc -c -O0 -g -O0 -g conftest.c >&5
configure:3805: $? = 0
configure:3814: result: yes
configure:3823: checking whether gcc accepts -g
configure:3843: gcc -c -g -O0 -g conftest.c >&5
configure:3843: $? = 0
configure:3884: result: yes
configure:3901: checking for gcc option to accept ISO C89
configure:3964: gcc  -c -O0 -g -O0 -g conftest.c >&5
configure:3964: $? = 0
configure:3977: result: none needed
configure:4002: checking whether gcc understands -c and -o together
configure:4024: gcc -c conftest.c -o conftest2.o
configure:4027: $? = 0
configure:4024: gcc -c conftest.c -o conftest2.o
configure:4027: $? = 0
configure:4039: result: yes
configure:4058: checking dependency style of gcc
configure:4169: result: gcc3
configure:4184: checking for a sed that does not truncate output
configure:4248: result: /usr/bin/sed
configure:4266: checking for grep that handles long lines and -e
configure:4324: result: /usr/bin/grep
configure:4329: checking for egrep
configure:4391: result: /usr/bin/grep -E
configure:4396: checking for fgrep
configure:4458: result: /usr/bin/grep -F
configure:4493: checking for ld used by gcc
configure:4560: result: C:/msys64/mingw64/x86_64-w64-mingw32/bin/ld.exe
configure:4567: checking if the linker (C:/msys64/mingw64/x86_64-w64-mingw32/bin/ld.exe) is GNU ld
configure:4582: result: yes
configure:4594: checking for BSD- or MS-compatible name lister (nm)
configure:4648: result: /c/msys64/mingw64/bin//nm -B
configure:4778: checking the name lister (/c/msys64/mingw64/bin//nm -B) interface
configure:4785: gcc -c -O0 -g -O0 -g conftest.c >&5
configure:4788: /c/msys64/mingw64/bin//nm -B "conftest.o"
configure:4791: output
0000000000000000 b .bss
0000000000000000 d .data
0000000000000000 N .debug_abbrev
0000000000000000 N .debug_aranges
0000000000000000 N .debug_info
0000000000000000 N .debug_line
0000000000000000 r .rdata$zzz
0000000000000000 t .text
0000000000000000 B some_variable
configure:4798: result: BSD nm
configure:4801: checking whether ln -s works
configure:4808: result: no, using cp -pR
configure:4813: checking the maximum length of command line arguments
configure:4944: result: 8192
configure:4992: checking how to convert x86_64-w64-mingw32 file names to x86_64-w64-mingw32 format
configure:5032: result: func_convert_file_msys_to_w32
configure:5039: checking how to convert x86_64-w64-mingw32 file names to toolchain format
configure:5059: result: func_convert_file_msys_to_w32
configure:5066: checking for C:/msys64/mingw64/x86_64-w64-mingw32/bin/ld.exe option to reload object files
configure:5073: result: -r
configure:5147: checking for objdump
configure:5163: found /c/msys64/mingw64/bin//objdump
configure:5174: result: objdump
configure:5206: checking how to recognize dependent libraries
configure:5406: result: file_magic ^x86 archive import|^x86 DLL
configure:5491: checking for dlltool
configure:5507: found /c/msys64/mingw64/bin//dlltool
configure:5518: result: dlltool
configure:5551: checking how to associate runtime and link libraries
configure:5578: result: func_cygming_dll_for_implib
configure:5639: checking for ar
configure:5655: found /c/msys64/mingw64/bin//ar
configure:5666: result: ar
configure:5703: checking for archiver @FILE support
configure:5720: gcc -c -O0 -g -O0 -g conftest.c >&5
configure:5720: $? = 0
configure:5723: ar cru libconftest.a @conftest.lst >&5
configure:5726: $? = 0
configure:5731: ar cru libconftest.a @conftest.lst >&5
C:\msys64\mingw64\bin\ar.exe: conftest.o: No such file or directory
configure:5734: $? = 1
configure:5746: result: @
configure:5804: checking for strip
configure:5820: found /c/msys64/mingw64/bin//strip
configure:5831: result: strip
configure:5903: checking for ranlib
configure:5919: found /c/msys64/mingw64/bin//ranlib
configure:5930: result: ranlib
configure:6032: checking command to parse /c/msys64/mingw64/bin//nm -B output from gcc object
configure:6185: gcc -c -O0 -g -O0 -g conftest.c >&5
configure:6188: $? = 0
configure:6192: /c/msys64/mingw64/bin//nm -B conftest.o \| sed -n -e 's/^.*[ ]\([ABCDGIRSTW][ABCDGIRSTW]*\)[ ][ ]*\([_A-Za-z][_A-Za-z0-9]*\)\{0,1\}$/\1 \2 \2/p' | sed '/ __gnu_lto/d' \> conftest.nm
configure:6195: $? = 0
configure:6261: gcc -o conftest.exe -O0 -g -O0 -g  conftest.c conftstm.o >&5
configure:6264: $? = 0
configure:6302: result: ok
configure:6349: checking for sysroot
configure:6379: result: no
configure:6386: checking for a working dd
configure:6424: result: /usr/bin/dd
configure:6428: checking how to truncate binary pipes
configure:6443: result: /usr/bin/dd bs=4096 count=1
configure:6772: checking for mt
configure:6802: result: no
configure:6822: checking if : is a manifest tool
configure:6828: : '-?'
configure:6836: result: no
configure:7513: checking how to run the C preprocessor
configure:7544: gcc -E -O0 -g conftest.c
configure:7544: $? = 0
configure:7558: gcc -E -O0 -g conftest.c
conftest.c:11:10: fatal error: ac_nonexistent.h: No such file or directory
 #include <ac_nonexistent.h>
          ^~~~~~~~~~~~~~~~~~
compilation terminated.
configure:7558: $? = 1
configure: failed program was:
| /* confdefs.h */
| #define PACKAGE_NAME "libass"
| #define PACKAGE_TARNAME "libass"
| #define PACKAGE_VERSION "0.14.0"
| #define PACKAGE_STRING "libass 0.14.0"
| #define PACKAGE_BUGREPORT ""
| #define PACKAGE_URL ""
| #define PACKAGE "libass"
| #define VERSION "0.14.0"
| /* end confdefs.h.  */
| #include <ac_nonexistent.h>
configure:7583: result: gcc -E
configure:7603: gcc -E -O0 -g conftest.c
configure:7603: $? = 0
configure:7617: gcc -E -O0 -g conftest.c
conftest.c:11:10: fatal error: ac_nonexistent.h: No such file or directory
 #include <ac_nonexistent.h>
          ^~~~~~~~~~~~~~~~~~
compilation terminated.
configure:7617: $? = 1
configure: failed program was:
| /* confdefs.h */
| #define PACKAGE_NAME "libass"
| #define PACKAGE_TARNAME "libass"
| #define PACKAGE_VERSION "0.14.0"
| #define PACKAGE_STRING "libass 0.14.0"
| #define PACKAGE_BUGREPORT ""
| #define PACKAGE_URL ""
| #define PACKAGE "libass"
| #define VERSION "0.14.0"
| /* end confdefs.h.  */
| #include <ac_nonexistent.h>
configure:7646: checking for ANSI C header files
configure:7666: gcc -c -O0 -g -O0 -g conftest.c >&5
configure:7666: $? = 0
configure:7739: gcc -o conftest.exe -O0 -g -O0 -g  conftest.c  >&5
configure:7739: $? = 0
configure:7739: ./conftest.exe
configure:7739: $? = 0
configure:7750: result: yes
configure:7763: checking for sys/types.h
configure:7763: gcc -c -O0 -g -O0 -g conftest.c >&5
configure:7763: $? = 0
configure:7763: result: yes
configure:7763: checking for sys/stat.h
configure:7763: gcc -c -O0 -g -O0 -g conftest.c >&5
configure:7763: $? = 0
configure:7763: result: yes
configure:7763: checking for stdlib.h
configure:7763: gcc -c -O0 -g -O0 -g conftest.c >&5
configure:7763: $? = 0
configure:7763: result: yes
configure:7763: checking for string.h
configure:7763: gcc -c -O0 -g -O0 -g conftest.c >&5
configure:7763: $? = 0
configure:7763: result: yes
configure:7763: checking for memory.h
configure:7763: gcc -c -O0 -g -O0 -g conftest.c >&5
configure:7763: $? = 0
configure:7763: result: yes
configure:7763: checking for strings.h
configure:7763: gcc -c -O0 -g -O0 -g conftest.c >&5
configure:7763: $? = 0
configure:7763: result: yes
configure:7763: checking for inttypes.h
configure:7763: gcc -c -O0 -g -O0 -g conftest.c >&5
configure:7763: $? = 0
configure:7763: result: yes
configure:7763: checking for stdint.h
configure:7763: gcc -c -O0 -g -O0 -g conftest.c >&5
configure:7763: $? = 0
configure:7763: result: yes
configure:7763: checking for unistd.h
configure:7763: gcc -c -O0 -g -O0 -g conftest.c >&5
configure:7763: $? = 0
configure:7763: result: yes
configure:7777: checking for dlfcn.h
configure:7777: gcc -c -O0 -g -O0 -g conftest.c >&5
conftest.c:55:10: fatal error: dlfcn.h: No such file or directory
 #include <dlfcn.h>
          ^~~~~~~~~
compilation terminated.
configure:7777: $? = 1
configure: failed program was:
| /* confdefs.h */
| #define PACKAGE_NAME "libass"
| #define PACKAGE_TARNAME "libass"
| #define PACKAGE_VERSION "0.14.0"
| #define PACKAGE_STRING "libass 0.14.0"
| #define PACKAGE_BUGREPORT ""
| #define PACKAGE_URL ""
| #define PACKAGE "libass"
| #define VERSION "0.14.0"
| #define STDC_HEADERS 1
| #define HAVE_SYS_TYPES_H 1
| #define HAVE_SYS_STAT_H 1
| #define HAVE_STDLIB_H 1
| #define HAVE_STRING_H 1
| #define HAVE_MEMORY_H 1
| #define HAVE_STRINGS_H 1
| #define HAVE_INTTYPES_H 1
| #define HAVE_STDINT_H 1
| #define HAVE_UNISTD_H 1
| /* end confdefs.h.  */
| #include <stdio.h>
| #ifdef HAVE_SYS_TYPES_H
| # include <sys/types.h>
| #endif
| #ifdef HAVE_SYS_STAT_H
| # include <sys/stat.h>
| #endif
| #ifdef STDC_HEADERS
| # include <stdlib.h>
| # include <stddef.h>
| #else
| # ifdef HAVE_STDLIB_H
| #  include <stdlib.h>
| # endif
| #endif
| #ifdef HAVE_STRING_H
| # if !defined STDC_HEADERS && defined HAVE_MEMORY_H
| #  include <memory.h>
| # endif
| # include <string.h>
| #endif
| #ifdef HAVE_STRINGS_H
| # include <strings.h>
| #endif
| #ifdef HAVE_INTTYPES_H
| # include <inttypes.h>
| #endif
| #ifdef HAVE_STDINT_H
| # include <stdint.h>
| #endif
| #ifdef HAVE_UNISTD_H
| # include <unistd.h>
| #endif
| 
| #include <dlfcn.h>
configure:7777: result: no
configure:8038: checking for objdir
configure:8053: result: .libs
configure:8317: checking if gcc supports -fno-rtti -fno-exceptions
configure:8335: gcc -c -O0 -g -O0 -g -fno-rtti -fno-exceptions conftest.c >&5
cc1.exe: warning: command line option '-fno-rtti' is valid for C++/ObjC++ but not for C
configure:8339: $? = 0
configure:8352: result: no
configure:8710: checking for gcc option to produce PIC
configure:8717: result: -DDLL_EXPORT -DPIC
configure:8725: checking if gcc PIC flag -DDLL_EXPORT -DPIC works
configure:8743: gcc -c -O0 -g -O0 -g -DDLL_EXPORT -DPIC -DPIC conftest.c >&5
configure:8747: $? = 0
configure:8760: result: yes
configure:8789: checking if gcc static flag -static works
configure:8817: result: yes
configure:8832: checking if gcc supports -c -o file.o
configure:8853: gcc -c -O0 -g -O0 -g -o out/conftest2.o conftest.c >&5
configure:8857: $? = 0
configure:8879: result: yes
configure:8887: checking if gcc supports -c -o file.o
configure:8934: result: yes
configure:8967: checking whether the gcc linker (C:/msys64/mingw64/x86_64-w64-mingw32/bin/ld.exe) supports shared libraries
configure:10226: result: yes
configure:10263: checking whether -lc should be explicitly linked in
configure:10271: gcc -c -O0 -g -O0 -g conftest.c >&5
configure:10274: $? = 0
configure:10289: gcc -shared conftest.o  -v -o ./conftest -Wl,--enable-auto-image-base -Xlinker --out-implib -Xlinker conftest 2\>\&1 \| /usr/bin/grep  -lc  \>/dev/null 2\>\&1
configure:10292: $? = 1
configure:10306: result: yes
configure:10466: checking dynamic linker characteristics
configure:11284: result: Win32 ld.exe
configure:11406: checking how to hardcode library paths into programs
configure:11431: result: immediate
configure:11979: checking whether stripping libraries is possible
configure:11984: result: yes
configure:12019: checking if libtool supports shared libraries
configure:12021: result: yes
configure:12024: checking whether to build shared libraries
configure:12049: result: yes
configure:12052: checking whether to build static libraries
configure:12056: result: yes
configure:12146: checking for gcc
configure:12173: result: gcc
configure:12402: checking for C compiler version
configure:12411: gcc --version >&5
gcc.exe (Rev1, Built by MSYS2 project) 7.2.0
Copyright (C) 2017 Free Software Foundation, Inc.
This is free software; see the source for copying conditions.  There is NO
warranty; not even for MERCHANTABILITY or FITNESS FOR A PARTICULAR PURPOSE.

configure:12422: $? = 0
configure:12411: gcc -v >&5
Using built-in specs.
COLLECT_GCC=C:\msys64\mingw64\bin\gcc.exe
COLLECT_LTO_WRAPPER=C:/msys64/mingw64/bin/../lib/gcc/x86_64-w64-mingw32/7.2.0/lto-wrapper.exe
Target: x86_64-w64-mingw32
Configured with: ../gcc-7.2.0/configure --prefix=/mingw64 --with-local-prefix=/mingw64/local --build=x86_64-w64-mingw32 --host=x86_64-w64-mingw32 --target=x86_64-w64-mingw32 --with-native-system-header-dir=/mingw64/x86_64-w64-mingw32/include --libexecdir=/mingw64/lib --enable-bootstrap --with-arch=x86-64 --with-tune=generic --enable-languages=c,lto,c++,objc,obj-c++,fortran,ada --enable-shared --enable-static --enable-libatomic --enable-threads=posix --enable-graphite --enable-fully-dynamic-string --enable-libstdcxx-time=yes --disable-libstdcxx-pch --disable-libstdcxx-debug --disable-isl-version-check --enable-lto --enable-libgomp --disable-multilib --enable-checking=release --disable-rpath --disable-win32-registry --disable-nls --disable-werror --disable-symvers --with-libiconv --with-system-zlib --with-gmp=/mingw64 --with-mpfr=/mingw64 --with-mpc=/mingw64 --with-isl=/mingw64 --with-pkgversion='Rev1, Built by MSYS2 project' --with-bugurl=https://sourceforge.net/projects/msys2 --with-gnu-as --with-gnu-ld
Thread model: posix
gcc version 7.2.0 (Rev1, Built by MSYS2 project) 
configure:12422: $? = 0
configure:12411: gcc -V >&5
gcc.exe: error: unrecognized command line option '-V'
gcc.exe: fatal error: no input files
compilation terminated.
configure:12422: $? = 1
configure:12411: gcc -qversion >&5
gcc.exe: error: unrecognized command line option '-qversion'; did you mean '--version'?
gcc.exe: fatal error: no input files
compilation terminated.
configure:12422: $? = 1
configure:12426: checking whether we are using the GNU C compiler
configure:12454: result: yes
configure:12463: checking whether gcc accepts -g
configure:12524: result: yes
configure:12541: checking for gcc option to accept ISO C89
configure:12617: result: none needed
configure:12642: checking whether gcc understands -c and -o together
configure:12679: result: yes
configure:12698: checking dependency style of gcc
configure:12809: result: gcc3
configure:12829: checking how to run the C preprocessor
configure:12899: result: gcc -E
configure:12919: gcc -E -O0 -g conftest.c
configure:12919: $? = 0
configure:12933: gcc -E -O0 -g conftest.c
conftest.c:22:10: fatal error: ac_nonexistent.h: No such file or directory
 #include <ac_nonexistent.h>
          ^~~~~~~~~~~~~~~~~~
compilation terminated.
configure:12933: $? = 1
configure: failed program was:
| /* confdefs.h */
| #define PACKAGE_NAME "libass"
| #define PACKAGE_TARNAME "libass"
| #define PACKAGE_VERSION "0.14.0"
| #define PACKAGE_STRING "libass 0.14.0"
| #define PACKAGE_BUGREPORT ""
| #define PACKAGE_URL ""
| #define PACKAGE "libass"
| #define VERSION "0.14.0"
| #define STDC_HEADERS 1
| #define HAVE_SYS_TYPES_H 1
| #define HAVE_SYS_STAT_H 1
| #define HAVE_STDLIB_H 1
| #define HAVE_STRING_H 1
| #define HAVE_MEMORY_H 1
| #define HAVE_STRINGS_H 1
| #define HAVE_INTTYPES_H 1
| #define HAVE_STDINT_H 1
| #define HAVE_UNISTD_H 1
| #define LT_OBJDIR ".libs/"
| /* end confdefs.h.  */
| #include <ac_nonexistent.h>
configure:12971: checking dependency style of gcc
configure:13080: result: gcc3
configure:13097: checking for ANSI C header files
configure:13201: result: yes
configure:13209: checking for stdbool.h that conforms to C99
configure:13276: gcc -c -O0 -g -O0 -g conftest.c >&5
configure:13276: $? = 0
configure:13283: result: yes
configure:13285: checking for _Bool
configure:13285: gcc -c -O0 -g -O0 -g conftest.c >&5
configure:13285: $? = 0
configure:13285: gcc -c -O0 -g -O0 -g conftest.c >&5
conftest.c: In function 'main':
conftest.c:59:20: error: expected expression before ')' token
 if (sizeof ((_Bool)))
                    ^
configure:13285: $? = 1
configure: failed program was:
| /* confdefs.h */
| #define PACKAGE_NAME "libass"
| #define PACKAGE_TARNAME "libass"
| #define PACKAGE_VERSION "0.14.0"
| #define PACKAGE_STRING "libass 0.14.0"
| #define PACKAGE_BUGREPORT ""
| #define PACKAGE_URL ""
| #define PACKAGE "libass"
| #define VERSION "0.14.0"
| #define STDC_HEADERS 1
| #define HAVE_SYS_TYPES_H 1
| #define HAVE_SYS_STAT_H 1
| #define HAVE_STDLIB_H 1
| #define HAVE_STRING_H 1
| #define HAVE_MEMORY_H 1
| #define HAVE_STRINGS_H 1
| #define HAVE_INTTYPES_H 1
| #define HAVE_STDINT_H 1
| #define HAVE_UNISTD_H 1
| #define LT_OBJDIR ".libs/"
| #define STDC_HEADERS 1
| /* end confdefs.h.  */
| #include <stdio.h>
| #ifdef HAVE_SYS_TYPES_H
| # include <sys/types.h>
| #endif
| #ifdef HAVE_SYS_STAT_H
| # include <sys/stat.h>
| #endif
| #ifdef STDC_HEADERS
| # include <stdlib.h>
| # include <stddef.h>
| #else
| # ifdef HAVE_STDLIB_H
| #  include <stdlib.h>
| # endif
| #endif
| #ifdef HAVE_STRING_H
| # if !defined STDC_HEADERS && defined HAVE_MEMORY_H
| #  include <memory.h>
| # endif
| # include <string.h>
| #endif
| #ifdef HAVE_STRINGS_H
| # include <strings.h>
| #endif
| #ifdef HAVE_INTTYPES_H
| # include <inttypes.h>
| #endif
| #ifdef HAVE_STDINT_H
| # include <stdint.h>
| #endif
| #ifdef HAVE_UNISTD_H
| # include <unistd.h>
| #endif
| int
| main ()
| {
| if (sizeof ((_Bool)))
| 	    return 0;
|   ;
|   return 0;
| }
configure:13285: result: yes
configure:13305: checking for stdint.h
configure:13305: result: yes
configure:13305: checking iconv.h usability
configure:13305: gcc -c -O0 -g -O0 -g conftest.c >&5
configure:13305: $? = 0
configure:13305: result: yes
configure:13305: checking iconv.h presence
configure:13305: gcc -E -O0 -g conftest.c
configure:13305: $? = 0
configure:13305: result: yes
configure:13305: checking for iconv.h
configure:13305: result: yes
configure:13320: checking for strdup
configure:13320: gcc -o conftest.exe -O0 -g -O0 -g  conftest.c  >&5
conftest.c:50:6: warning: conflicting types for built-in function 'strdup' [-Wbuiltin-declaration-mismatch]
 char strdup ();
      ^~~~~~
configure:13320: $? = 0
configure:13320: result: yes
configure:13320: checking for strndup
configure:13320: gcc -o conftest.exe -O0 -g -O0 -g  conftest.c  >&5
conftest.c:51:6: warning: conflicting types for built-in function 'strndup' [-Wbuiltin-declaration-mismatch]
 char strndup ();
      ^~~~~~~
C:\msys64\tmp\cciSeNhZ.o: In function `main':
C:\qtproject\libass/conftest.c:62: undefined reference to `strndup'
collect2.exe: error: ld returned 1 exit status
configure:13320: $? = 1
configure: failed program was:
| /* confdefs.h */
| #define PACKAGE_NAME "libass"
| #define PACKAGE_TARNAME "libass"
| #define PACKAGE_VERSION "0.14.0"
| #define PACKAGE_STRING "libass 0.14.0"
| #define PACKAGE_BUGREPORT ""
| #define PACKAGE_URL ""
| #define PACKAGE "libass"
| #define VERSION "0.14.0"
| #define STDC_HEADERS 1
| #define HAVE_SYS_TYPES_H 1
| #define HAVE_SYS_STAT_H 1
| #define HAVE_STDLIB_H 1
| #define HAVE_STRING_H 1
| #define HAVE_MEMORY_H 1
| #define HAVE_STRINGS_H 1
| #define HAVE_INTTYPES_H 1
| #define HAVE_STDINT_H 1
| #define HAVE_UNISTD_H 1
| #define LT_OBJDIR ".libs/"
| #define STDC_HEADERS 1
| #define HAVE__BOOL 1
| #define HAVE_STDBOOL_H 1
| #define HAVE_STDINT_H 1
| #define HAVE_ICONV_H 1
| #define HAVE_STRDUP 1
| /* end confdefs.h.  */
| /* Define strndup to an innocuous variant, in case <limits.h> declares strndup.
|    For example, HP-UX 11i <limits.h> declares gettimeofday.  */
| #define strndup innocuous_strndup
| 
| /* System header to define __stub macros and hopefully few prototypes,
|     which can conflict with char strndup (); below.
|     Prefer <limits.h> to <assert.h> if __STDC__ is defined, since
|     <limits.h> exists even on freestanding compilers.  */
| 
| #ifdef __STDC__
| # include <limits.h>
| #else
| # include <assert.h>
| #endif
| 
| #undef strndup
| 
| /* Override any GCC internal prototype to avoid an error.
|    Use char because int might match the return type of a GCC
|    builtin and then its argument prototype would still apply.  */
| #ifdef __cplusplus
| extern "C"
| #endif
| char strndup ();
| /* The GNU C library defines this for functions which it implements
|     to always fail with ENOSYS.  Some functions are actually named
|     something starting with __ and the normal name is an alias.  */
| #if defined __stub_strndup || defined __stub___strndup
| choke me
| #endif
| 
| int
| main ()
| {
| return strndup ();
|   ;
|   return 0;
| }
configure:13320: result: no
configure:13335: checking for library containing libiconv_open
configure:13366: gcc -o conftest.exe -O0 -g -O0 -g  conftest.c  >&5
C:\msys64\tmp\cc27yCsW.o: In function `main':
C:\qtproject\libass/conftest.c:39: undefined reference to `libiconv_open'
collect2.exe: error: ld returned 1 exit status
configure:13366: $? = 1
configure: failed program was:
| /* confdefs.h */
| #define PACKAGE_NAME "libass"
| #define PACKAGE_TARNAME "libass"
| #define PACKAGE_VERSION "0.14.0"
| #define PACKAGE_STRING "libass 0.14.0"
| #define PACKAGE_BUGREPORT ""
| #define PACKAGE_URL ""
| #define PACKAGE "libass"
| #define VERSION "0.14.0"
| #define STDC_HEADERS 1
| #define HAVE_SYS_TYPES_H 1
| #define HAVE_SYS_STAT_H 1
| #define HAVE_STDLIB_H 1
| #define HAVE_STRING_H 1
| #define HAVE_MEMORY_H 1
| #define HAVE_STRINGS_H 1
| #define HAVE_INTTYPES_H 1
| #define HAVE_STDINT_H 1
| #define HAVE_UNISTD_H 1
| #define LT_OBJDIR ".libs/"
| #define STDC_HEADERS 1
| #define HAVE__BOOL 1
| #define HAVE_STDBOOL_H 1
| #define HAVE_STDINT_H 1
| #define HAVE_ICONV_H 1
| #define HAVE_STRDUP 1
| /* end confdefs.h.  */
| 
| /* Override any GCC internal prototype to avoid an error.
|    Use char because int might match the return type of a GCC
|    builtin and then its argument prototype would still apply.  */
| #ifdef __cplusplus
| extern "C"
| #endif
| char libiconv_open ();
| int
| main ()
| {
| return libiconv_open ();
|   ;
|   return 0;
| }
configure:13366: gcc -o conftest.exe -O0 -g -O0 -g  conftest.c -liconv   >&5
configure:13366: $? = 0
configure:13383: result: -liconv
configure:13391: checking for library containing iconv_open
configure:13422: gcc -o conftest.exe -O0 -g -O0 -g  conftest.c -liconv  >&5
C:\msys64\tmp\ccWVq2v1.o: In function `main':
C:\qtproject\libass/conftest.c:39: undefined reference to `iconv_open'
collect2.exe: error: ld returned 1 exit status
configure:13422: $? = 1
configure: failed program was:
| /* confdefs.h */
| #define PACKAGE_NAME "libass"
| #define PACKAGE_TARNAME "libass"
| #define PACKAGE_VERSION "0.14.0"
| #define PACKAGE_STRING "libass 0.14.0"
| #define PACKAGE_BUGREPORT ""
| #define PACKAGE_URL ""
| #define PACKAGE "libass"
| #define VERSION "0.14.0"
| #define STDC_HEADERS 1
| #define HAVE_SYS_TYPES_H 1
| #define HAVE_SYS_STAT_H 1
| #define HAVE_STDLIB_H 1
| #define HAVE_STRING_H 1
| #define HAVE_MEMORY_H 1
| #define HAVE_STRINGS_H 1
| #define HAVE_INTTYPES_H 1
| #define HAVE_STDINT_H 1
| #define HAVE_UNISTD_H 1
| #define LT_OBJDIR ".libs/"
| #define STDC_HEADERS 1
| #define HAVE__BOOL 1
| #define HAVE_STDBOOL_H 1
| #define HAVE_STDINT_H 1
| #define HAVE_ICONV_H 1
| #define HAVE_STRDUP 1
| /* end confdefs.h.  */
| 
| /* Override any GCC internal prototype to avoid an error.
|    Use char because int might match the return type of a GCC
|    builtin and then its argument prototype would still apply.  */
| #ifdef __cplusplus
| extern "C"
| #endif
| char iconv_open ();
| int
| main ()
| {
| return iconv_open ();
|   ;
|   return 0;
| }
configure:13422: gcc -o conftest.exe -O0 -g -O0 -g  conftest.c -liconv  -liconv  >&5
C:\msys64\tmp\ccCT4GhH.o: In function `main':
C:\qtproject\libass/conftest.c:39: undefined reference to `iconv_open'
collect2.exe: error: ld returned 1 exit status
configure:13422: $? = 1
configure: failed program was:
| /* confdefs.h */
| #define PACKAGE_NAME "libass"
| #define PACKAGE_TARNAME "libass"
| #define PACKAGE_VERSION "0.14.0"
| #define PACKAGE_STRING "libass 0.14.0"
| #define PACKAGE_BUGREPORT ""
| #define PACKAGE_URL ""
| #define PACKAGE "libass"
| #define VERSION "0.14.0"
| #define STDC_HEADERS 1
| #define HAVE_SYS_TYPES_H 1
| #define HAVE_SYS_STAT_H 1
| #define HAVE_STDLIB_H 1
| #define HAVE_STRING_H 1
| #define HAVE_MEMORY_H 1
| #define HAVE_STRINGS_H 1
| #define HAVE_INTTYPES_H 1
| #define HAVE_STDINT_H 1
| #define HAVE_UNISTD_H 1
| #define LT_OBJDIR ".libs/"
| #define STDC_HEADERS 1
| #define HAVE__BOOL 1
| #define HAVE_STDBOOL_H 1
| #define HAVE_STDINT_H 1
| #define HAVE_ICONV_H 1
| #define HAVE_STRDUP 1
| /* end confdefs.h.  */
| 
| /* Override any GCC internal prototype to avoid an error.
|    Use char because int might match the return type of a GCC
|    builtin and then its argument prototype would still apply.  */
| #ifdef __cplusplus
| extern "C"
| #endif
| char iconv_open ();
| int
| main ()
| {
| return iconv_open ();
|   ;
|   return 0;
| }
configure:13439: result: no
configure:13447: checking for fabs in -lm
configure:13472: gcc -o conftest.exe -O0 -g -O0 -g  conftest.c -lm  -liconv  >&5
conftest.c:35:6: warning: conflicting types for built-in function 'fabs' [-Wbuiltin-declaration-mismatch]
 char fabs ();
      ^~~~
configure:13472: $? = 0
configure:13481: result: yes
configure:13576: checking for nasm
configure:13592: found /c/msys64/mingw64/bin//nasm
configure:13603: result: yes
configure:13645: checking if nasm supports vpmovzxwd
configure:13650: result: yes
configure:13794: checking for pkg-config
configure:13812: found /c/msys64/mingw64/bin//pkg-config
configure:13824: result: /c/msys64/mingw64/bin//pkg-config
configure:13849: checking pkg-config is at least version 0.9.0
configure:13852: result: yes
configure:13862: checking for freetype2 >= 9.10.3
configure:13869: $PKG_CONFIG --exists --print-errors "freetype2 >= 9.10.3"
configure:13872: $? = 0
configure:13886: $PKG_CONFIG --exists --print-errors "freetype2 >= 9.10.3"
configure:13889: $? = 0
configure:13947: result: yes
configure:13961: checking for fribidi >= 0.19.0
configure:13968: $PKG_CONFIG --exists --print-errors "fribidi >= 0.19.0"
configure:13971: $? = 0
configure:13985: $PKG_CONFIG --exists --print-errors "fribidi >= 0.19.0"
configure:13988: $? = 0
configure:14046: result: yes
configure:14150: checking for CORETEXT
configure:14165: gcc -c -O0 -g -mms-bitfields -IC:/msys64/mingw64/include/freetype2 -IC:/msys64/mingw64/include -IC:/msys64/mingw64/include/libpng16 -IC:/msys64/mingw64/include -IC:/msys64/mingw64/include/harfbuzz -IC:/msys64/mingw64/include/glib-2.0 -IC:/msys64/mingw64/lib/glib-2.0/include -IC:/msys64/mingw64/include -mms-bitfields -IC:/msys64/mingw64/include/fribidi -IC:/msys64/mingw64/include/glib-2.0 -IC:/msys64/mingw64/lib/glib-2.0/include -IC:/msys64/mingw64/include -O0 -g conftest.c >&5
conftest.c:33:12: fatal error: ApplicationServices/ApplicationServices.h: No such file or directory
   #include <ApplicationServices/ApplicationServices.h>
            ^~~~~~~~~~~~~~~~~~~~~~~~~~~~~~~~~~~~~~~~~~~
compilation terminated.
configure:14165: $? = 1
configure: failed program was:
| /* confdefs.h */
| #define PACKAGE_NAME "libass"
| #define PACKAGE_TARNAME "libass"
| #define PACKAGE_VERSION "0.14.0"
| #define PACKAGE_STRING "libass 0.14.0"
| #define PACKAGE_BUGREPORT ""
| #define PACKAGE_URL ""
| #define PACKAGE "libass"
| #define VERSION "0.14.0"
| #define STDC_HEADERS 1
| #define HAVE_SYS_TYPES_H 1
| #define HAVE_SYS_STAT_H 1
| #define HAVE_STDLIB_H 1
| #define HAVE_STRING_H 1
| #define HAVE_MEMORY_H 1
| #define HAVE_STRINGS_H 1
| #define HAVE_INTTYPES_H 1
| #define HAVE_STDINT_H 1
| #define HAVE_UNISTD_H 1
| #define LT_OBJDIR ".libs/"
| #define STDC_HEADERS 1
| #define HAVE__BOOL 1
| #define HAVE_STDBOOL_H 1
| #define HAVE_STDINT_H 1
| #define HAVE_ICONV_H 1
| #define HAVE_STRDUP 1
| #define HAVE_LIBM 1
| #define CONFIG_ASM 1
| #define CONFIG_FREETYPE 1
| #define CONFIG_FRIBIDI 1
| /* end confdefs.h.  */
| 
|   #include <ApplicationServices/ApplicationServices.h>
| int
| main ()
| {
| CTFontDescriptorCopyAttribute(NULL, kCTFontURLAttribute);
|   ;
|   return 0;
| }
| 
configure:14190: gcc -c -O0 -g -mms-bitfields -IC:/msys64/mingw64/include/freetype2 -IC:/msys64/mingw64/include -IC:/msys64/mingw64/include/libpng16 -IC:/msys64/mingw64/include -IC:/msys64/mingw64/include/harfbuzz -IC:/msys64/mingw64/include/glib-2.0 -IC:/msys64/mingw64/lib/glib-2.0/include -IC:/msys64/mingw64/include -mms-bitfields -IC:/msys64/mingw64/include/fribidi -IC:/msys64/mingw64/include/glib-2.0 -IC:/msys64/mingw64/lib/glib-2.0/include -IC:/msys64/mingw64/include -O0 -g conftest.c >&5
conftest.c:33:16: fatal error: CoreText/CoreText.h: No such file or directory
       #include <CoreText/CoreText.h>
                ^~~~~~~~~~~~~~~~~~~~~
compilation terminated.
configure:14190: $? = 1
configure: failed program was:
| /* confdefs.h */
| #define PACKAGE_NAME "libass"
| #define PACKAGE_TARNAME "libass"
| #define PACKAGE_VERSION "0.14.0"
| #define PACKAGE_STRING "libass 0.14.0"
| #define PACKAGE_BUGREPORT ""
| #define PACKAGE_URL ""
| #define PACKAGE "libass"
| #define VERSION "0.14.0"
| #define STDC_HEADERS 1
| #define HAVE_SYS_TYPES_H 1
| #define HAVE_SYS_STAT_H 1
| #define HAVE_STDLIB_H 1
| #define HAVE_STRING_H 1
| #define HAVE_MEMORY_H 1
| #define HAVE_STRINGS_H 1
| #define HAVE_INTTYPES_H 1
| #define HAVE_STDINT_H 1
| #define HAVE_UNISTD_H 1
| #define LT_OBJDIR ".libs/"
| #define STDC_HEADERS 1
| #define HAVE__BOOL 1
| #define HAVE_STDBOOL_H 1
| #define HAVE_STDINT_H 1
| #define HAVE_ICONV_H 1
| #define HAVE_STRDUP 1
| #define HAVE_LIBM 1
| #define CONFIG_ASM 1
| #define CONFIG_FREETYPE 1
| #define CONFIG_FRIBIDI 1
| /* end confdefs.h.  */
| 
|       #include <CoreText/CoreText.h>
| int
| main ()
| {
| CTFontDescriptorCopyAttribute(NULL, kCTFontURLAttribute);
|   ;
|   return 0;
| }
| 
configure:14203: result: no
configure:14225: checking for DIRECTWRITE
configure:14240: gcc -o conftest.exe -O0 -g -mms-bitfields -IC:/msys64/mingw64/include/freetype2 -IC:/msys64/mingw64/include -IC:/msys64/mingw64/include/libpng16 -IC:/msys64/mingw64/include -IC:/msys64/mingw64/include/harfbuzz -IC:/msys64/mingw64/include/glib-2.0 -IC:/msys64/mingw64/lib/glib-2.0/include -IC:/msys64/mingw64/include -mms-bitfields -IC:/msys64/mingw64/include/fribidi -IC:/msys64/mingw64/include/glib-2.0 -IC:/msys64/mingw64/lib/glib-2.0/include -IC:/msys64/mingw64/include -O0 -g  conftest.c  -lm -liconv  -LC:/msys64/mingw64/lib -lfreetype -LC:/msys64/mingw64/lib -lfribidi -lglib-2.0 -lintl >&5
configure:14240: $? = 0
configure:14246: result: yes
configure:14271: checking for harfbuzz >= 0.9.5
configure:14278: $PKG_CONFIG --exists --print-errors "harfbuzz >= 0.9.5"
configure:14281: $? = 0
configure:14295: $PKG_CONFIG --exists --print-errors "harfbuzz >= 0.9.5"
configure:14298: $? = 0
configure:14336: result: yes
configure:14353: checking for libpng >= 1.2.0
configure:14360: $PKG_CONFIG --exists --print-errors "libpng >= 1.2.0"
configure:14363: $? = 0
configure:14377: $PKG_CONFIG --exists --print-errors "libpng >= 1.2.0"
configure:14380: $? = 0
configure:14438: result: yes
configure:14518: checking whether make supports nested variables
configure:14535: result: yes
configure:14658: checking that generated files are newer than configure
configure:14664: result: done
configure:14735: creating ./config.status

## ---------------------- ##
## Running config.status. ##
## ---------------------- ##

This file was extended by libass config.status 0.14.0, which was
generated by GNU Autoconf 2.69.  Invocation command line was

  CONFIG_FILES    = 
  CONFIG_HEADERS  = 
  CONFIG_LINKS    = 
  CONFIG_COMMANDS = 
  $ ./config.status 

on USER08C2

config.status:1165: creating Makefile
config.status:1165: creating libass/Makefile
config.status:1165: creating test/Makefile
config.status:1165: creating profile/Makefile
config.status:1165: creating libass.pc
config.status:1165: creating config.h
config.status:1346: config.h is unchanged
config.status:1394: executing depfiles commands
config.status:1394: executing libtool commands

## ---------------- ##
## Cache variables. ##
## ---------------- ##

ac_cv_build=x86_64-w64-mingw32
ac_cv_c_compiler_gnu=yes
ac_cv_env_CCASFLAGS_set=
ac_cv_env_CCASFLAGS_value=
ac_cv_env_CCAS_set=
ac_cv_env_CCAS_value=
ac_cv_env_CC_set=
ac_cv_env_CC_value=
ac_cv_env_CFLAGS_set=set
ac_cv_env_CFLAGS_value='-O0 -g'
ac_cv_env_CPPFLAGS_set=set
ac_cv_env_CPPFLAGS_value='-O0 -g'
ac_cv_env_CPP_set=
ac_cv_env_CPP_value=
ac_cv_env_FONTCONFIG_CFLAGS_set=
ac_cv_env_FONTCONFIG_CFLAGS_value=
ac_cv_env_FONTCONFIG_LIBS_set=
ac_cv_env_FONTCONFIG_LIBS_value=
ac_cv_env_FREETYPE_CFLAGS_set=
ac_cv_env_FREETYPE_CFLAGS_value=
ac_cv_env_FREETYPE_LIBS_set=
ac_cv_env_FREETYPE_LIBS_value=
ac_cv_env_FRIBIDI_CFLAGS_set=
ac_cv_env_FRIBIDI_CFLAGS_value=
ac_cv_env_FRIBIDI_LIBS_set=
ac_cv_env_FRIBIDI_LIBS_value=
ac_cv_env_HARFBUZZ_CFLAGS_set=
ac_cv_env_HARFBUZZ_CFLAGS_value=
ac_cv_env_HARFBUZZ_LIBS_set=
ac_cv_env_HARFBUZZ_LIBS_value=
ac_cv_env_LDFLAGS_set=
ac_cv_env_LDFLAGS_value=
ac_cv_env_LIBPNG_CFLAGS_set=
ac_cv_env_LIBPNG_CFLAGS_value=
ac_cv_env_LIBPNG_LIBS_set=
ac_cv_env_LIBPNG_LIBS_value=
ac_cv_env_LIBS_set=
ac_cv_env_LIBS_value=
ac_cv_env_LT_SYS_LIBRARY_PATH_set=
ac_cv_env_LT_SYS_LIBRARY_PATH_value=
ac_cv_env_PKG_CONFIG_LIBDIR_set=
ac_cv_env_PKG_CONFIG_LIBDIR_value=
ac_cv_env_PKG_CONFIG_PATH_set=set
ac_cv_env_PKG_CONFIG_PATH_value=/mingw64/lib/pkgconfig:/mingw64/share/pkgconfig
ac_cv_env_PKG_CONFIG_set=
ac_cv_env_PKG_CONFIG_value=
ac_cv_env_build_alias_set=
ac_cv_env_build_alias_value=
ac_cv_env_host_alias_set=
ac_cv_env_host_alias_value=
ac_cv_env_target_alias_set=
ac_cv_env_target_alias_value=
ac_cv_exeext=.exe
ac_cv_func_strdup=yes
ac_cv_func_strndup=no
ac_cv_header_dlfcn_h=no
ac_cv_header_iconv_h=yes
ac_cv_header_inttypes_h=yes
ac_cv_header_memory_h=yes
ac_cv_header_stdbool_h=yes
ac_cv_header_stdc=yes
ac_cv_header_stdint_h=yes
ac_cv_header_stdlib_h=yes
ac_cv_header_string_h=yes
ac_cv_header_strings_h=yes
ac_cv_header_sys_stat_h=yes
ac_cv_header_sys_types_h=yes
ac_cv_header_unistd_h=yes
ac_cv_host=x86_64-w64-mingw32
ac_cv_lib_m_fabs=yes
ac_cv_objext=o
ac_cv_path_EGREP='/usr/bin/grep -E'
ac_cv_path_FGREP='/usr/bin/grep -F'
ac_cv_path_GREP=/usr/bin/grep
ac_cv_path_SED=/usr/bin/sed
ac_cv_path_ac_pt_PKG_CONFIG=/c/msys64/mingw64/bin//pkg-config
ac_cv_path_install='/usr/bin/install -c'
ac_cv_path_lt_DD=/usr/bin/dd
ac_cv_path_mkdir=/usr/bin/mkdir
ac_cv_prog_AWK=gawk
ac_cv_prog_CPP='gcc -E'
ac_cv_prog_ac_ct_AR=ar
ac_cv_prog_ac_ct_CC=gcc
ac_cv_prog_ac_ct_DLLTOOL=dlltool
ac_cv_prog_ac_ct_OBJDUMP=objdump
ac_cv_prog_ac_ct_RANLIB=ranlib
ac_cv_prog_ac_ct_STRIP=strip
ac_cv_prog_cc_c89=
ac_cv_prog_cc_g=yes
ac_cv_prog_make_make_set=yes
ac_cv_prog_nasm_check=yes
ac_cv_search_iconv_open=no
ac_cv_search_libiconv_open=-liconv
ac_cv_type__Bool=yes
am_cv_CCAS_dependencies_compiler_type=gcc3
am_cv_CC_dependencies_compiler_type=gcc3
am_cv_make_support_nested_variables=yes
am_cv_prog_cc_c_o=yes
lt_cv_ar_at_file=@
lt_cv_archive_cmds_need_lc=yes
lt_cv_deplibs_check_method='file_magic ^x86 archive import|^x86 DLL'
lt_cv_file_magic_cmd=func_win32_libid
lt_cv_file_magic_test_file=
lt_cv_ld_reload_flag=-r
lt_cv_nm_interface='BSD nm'
lt_cv_objdir=.libs
lt_cv_path_LD=C:/msys64/mingw64/x86_64-w64-mingw32/bin/ld.exe
lt_cv_path_NM='/c/msys64/mingw64/bin//nm -B'
lt_cv_path_mainfest_tool=no
lt_cv_prog_compiler_c_o=yes
lt_cv_prog_compiler_pic='-DDLL_EXPORT -DPIC'
lt_cv_prog_compiler_pic_works=yes
lt_cv_prog_compiler_rtti_exceptions=no
lt_cv_prog_compiler_static_works=yes
lt_cv_prog_gnu_ld=yes
lt_cv_sharedlib_from_linklib_cmd=func_cygming_dll_for_implib
lt_cv_sys_global_symbol_pipe='sed -n -e '\''s/^.*[	 ]\([ABCDGIRSTW][ABCDGIRSTW]*\)[	 ][	 ]*\([_A-Za-z][_A-Za-z0-9]*\)\{0,1\}$/\1 \2 \2/p'\'' | sed '\''/ __gnu_lto/d'\'''
lt_cv_sys_global_symbol_to_c_name_address='sed -n -e '\''s/^: \(.*\) .*$/  {"\1", (void *) 0},/p'\'' -e '\''s/^[ABCDGIRSTW][ABCDGIRSTW]* .* \(.*\)$/  {"\1", (void *) \&\1},/p'\'''
lt_cv_sys_global_symbol_to_c_name_address_lib_prefix='sed -n -e '\''s/^: \(.*\) .*$/  {"\1", (void *) 0},/p'\'' -e '\''s/^[ABCDGIRSTW][ABCDGIRSTW]* .* \(lib.*\)$/  {"\1", (void *) \&\1},/p'\'' -e '\''s/^[ABCDGIRSTW][ABCDGIRSTW]* .* \(.*\)$/  {"lib\1", (void *) \&\1},/p'\'''
lt_cv_sys_global_symbol_to_cdecl='sed -n -e '\''s/^T .* \(.*\)$/extern int \1();/p'\'' -e '\''s/^[ABCDGIRSTW][ABCDGIRSTW]* .* \(.*\)$/extern char \1;/p'\'''
lt_cv_sys_global_symbol_to_import=
lt_cv_sys_max_cmd_len=8192
lt_cv_to_host_file_cmd=func_convert_file_msys_to_w32
lt_cv_to_tool_file_cmd=func_convert_file_msys_to_w32
lt_cv_truncate_bin='/usr/bin/dd bs=4096 count=1'
pkg_cv_FREETYPE_CFLAGS='-mms-bitfields -IC:/msys64/mingw64/include/freetype2 -IC:/msys64/mingw64/include -IC:/msys64/mingw64/include/libpng16 -IC:/msys64/mingw64/include -IC:/msys64/mingw64/include/harfbuzz -IC:/msys64/mingw64/include/glib-2.0 -IC:/msys64/mingw64/lib/glib-2.0/include -IC:/msys64/mingw64/include'
pkg_cv_FREETYPE_LIBS='-LC:/msys64/mingw64/lib -lfreetype'
pkg_cv_FRIBIDI_CFLAGS='-mms-bitfields -IC:/msys64/mingw64/include/fribidi -IC:/msys64/mingw64/include/glib-2.0 -IC:/msys64/mingw64/lib/glib-2.0/include -IC:/msys64/mingw64/include'
pkg_cv_FRIBIDI_LIBS='-LC:/msys64/mingw64/lib -lfribidi -lglib-2.0 -lintl'
pkg_cv_HARFBUZZ_CFLAGS='-mms-bitfields -IC:/msys64/mingw64/include/harfbuzz -IC:/msys64/mingw64/include/glib-2.0 -IC:/msys64/mingw64/lib/glib-2.0/include -IC:/msys64/mingw64/include'
pkg_cv_HARFBUZZ_LIBS='-LC:/msys64/mingw64/lib -lharfbuzz'
pkg_cv_LIBPNG_CFLAGS='-IC:/msys64/mingw64/include/libpng16 -IC:/msys64/mingw64/include'
pkg_cv_LIBPNG_LIBS='-LC:/msys64/mingw64/lib -lpng16 -lz'

## ----------------- ##
## Output variables. ##
## ----------------- ##

ACLOCAL='${SHELL} /c/qtproject/libass/missing aclocal-1.15'
AMDEPBACKSLASH='\'
AMDEP_FALSE='#'
AMDEP_TRUE=''
AMTAR='$${TAR-tar}'
AM_BACKSLASH='\'
AM_DEFAULT_V='$(AM_DEFAULT_VERBOSITY)'
AM_DEFAULT_VERBOSITY='0'
AM_V='$(V)'
AR='ar'
AS='nasm'
ASFLAGS=' -DARCH_X86_64=1 -DPIC -f win64 -DHAVE_ALIGNED_STACK=1 -DHAVE_CPUNOP=0 -Dprivate_prefix=ass'
ASM_FALSE='#'
ASM_TRUE=''
AUTOCONF='${SHELL} /c/qtproject/libass/missing autoconf'
AUTOHEADER='${SHELL} /c/qtproject/libass/missing autoheader'
AUTOMAKE='${SHELL} /c/qtproject/libass/missing automake-1.15'
AWK='gawk'
CC='gcc'
CCAS='gcc'
CCASDEPMODE='depmode=gcc3'
CCASFLAGS='-O0 -g'
CCDEPMODE='depmode=gcc3'
CFLAGS='-O0 -g -mms-bitfields -IC:/msys64/mingw64/include/freetype2 -IC:/msys64/mingw64/include -IC:/msys64/mingw64/include/libpng16 -IC:/msys64/mingw64/include -IC:/msys64/mingw64/include/harfbuzz -IC:/msys64/mingw64/include/glib-2.0 -IC:/msys64/mingw64/lib/glib-2.0/include -IC:/msys64/mingw64/include -mms-bitfields -IC:/msys64/mingw64/include/fribidi -IC:/msys64/mingw64/include/glib-2.0 -IC:/msys64/mingw64/lib/glib-2.0/include -IC:/msys64/mingw64/include -mms-bitfields -IC:/msys64/mingw64/include/harfbuzz -IC:/msys64/mingw64/include/glib-2.0 -IC:/msys64/mingw64/lib/glib-2.0/include -IC:/msys64/mingw64/include -IC:/msys64/mingw64/include/libpng16 -IC:/msys64/mingw64/include'
CORETEXT_FALSE=''
CORETEXT_TRUE='#'
CPP='gcc -E'
CPPFLAGS='-O0 -g'
CYGPATH_W='cygpath -w'
DEFS='-DHAVE_CONFIG_H'
DEPDIR='.deps'
DIRECTWRITE_FALSE='#'
DIRECTWRITE_TRUE=''
DLLTOOL='dlltool'
DSYMUTIL=''
DUMPBIN=''
ECHO_C=''
ECHO_N='-n'
ECHO_T=''
EGREP='/usr/bin/grep -E'
ENABLE_LARGE_TILES_FALSE=''
ENABLE_LARGE_TILES_TRUE='#'
ENABLE_PROFILE_FALSE=''
ENABLE_PROFILE_TRUE='#'
EXEEXT='.exe'
FGREP='/usr/bin/grep -F'
FONTCONFIG_CFLAGS=''
FONTCONFIG_FALSE=''
FONTCONFIG_LIBS=''
FONTCONFIG_TRUE='#'
FREETYPE_CFLAGS='-mms-bitfields -IC:/msys64/mingw64/include/freetype2 -IC:/msys64/mingw64/include -IC:/msys64/mingw64/include/libpng16 -IC:/msys64/mingw64/include -IC:/msys64/mingw64/include/harfbuzz -IC:/msys64/mingw64/include/glib-2.0 -IC:/msys64/mingw64/lib/glib-2.0/include -IC:/msys64/mingw64/include'
FREETYPE_LIBS='-LC:/msys64/mingw64/lib -lfreetype'
FRIBIDI_CFLAGS='-mms-bitfields -IC:/msys64/mingw64/include/fribidi -IC:/msys64/mingw64/include/glib-2.0 -IC:/msys64/mingw64/lib/glib-2.0/include -IC:/msys64/mingw64/include'
FRIBIDI_LIBS='-LC:/msys64/mingw64/lib -lfribidi -lglib-2.0 -lintl'
GREP='/usr/bin/grep'
HARFBUZZ_CFLAGS='-mms-bitfields -IC:/msys64/mingw64/include/harfbuzz -IC:/msys64/mingw64/include/glib-2.0 -IC:/msys64/mingw64/lib/glib-2.0/include -IC:/msys64/mingw64/include'
HARFBUZZ_LIBS='-LC:/msys64/mingw64/lib -lharfbuzz'
HAVE_LIBPNG_FALSE='#'
HAVE_LIBPNG_TRUE=''
INSTALL_DATA='${INSTALL} -m 644'
INSTALL_PROGRAM='${INSTALL}'
INSTALL_SCRIPT='${INSTALL}'
INSTALL_STRIP_PROGRAM='$(install_sh) -c -s'
INTEL_FALSE='#'
INTEL_TRUE=''
LD='C:/msys64/mingw64/x86_64-w64-mingw32/bin/ld.exe'
LDFLAGS=''
LIBOBJS=''
LIBPNG_CFLAGS='-IC:/msys64/mingw64/include/libpng16 -IC:/msys64/mingw64/include'
LIBPNG_LIBS='-LC:/msys64/mingw64/lib -lpng16 -lz'
LIBS=' -lm -liconv  -LC:/msys64/mingw64/lib -lfreetype -LC:/msys64/mingw64/lib -lfribidi -lglib-2.0 -lintl -LC:/msys64/mingw64/lib -lharfbuzz'
LIBTOOL='$(SHELL) $(top_builddir)/libtool'
LIPO=''
LN_S='cp -pR'
LTLIBOBJS=''
LT_SYS_LIBRARY_PATH=''
MAKEINFO='${SHELL} /c/qtproject/libass/missing makeinfo'
MANIFEST_TOOL=':'
MKDIR_P='/usr/bin/mkdir -p'
NM='/c/msys64/mingw64/bin//nm -B'
NMEDIT=''
OBJDUMP='objdump'
OBJEXT='o'
OTOOL64=''
OTOOL=''
PACKAGE='libass'
PACKAGE_BUGREPORT=''
PACKAGE_NAME='libass'
PACKAGE_STRING='libass 0.14.0'
PACKAGE_TARNAME='libass'
PACKAGE_URL=''
PACKAGE_VERSION='0.14.0'
PATH_SEPARATOR=':'
PKG_CONFIG='/c/msys64/mingw64/bin//pkg-config'
PKG_CONFIG_LIBDIR=''
PKG_CONFIG_PATH='/mingw64/lib/pkgconfig:/mingw64/share/pkgconfig'
PKG_LIBS_DEFAULT=''
PKG_LIBS_PRIVATE='-lm -liconv -liconv'
PKG_REQUIRES_DEFAULT=''
PKG_REQUIRES_PRIVATE='harfbuzz >= 0.9.5, fribidi >= 0.19.0, freetype2 >= 9.10.3'
RANLIB='ranlib'
SED='/usr/bin/sed'
SET_MAKE=''
SHELL='/bin/sh'
STRIP='strip'
VERSION='0.14.0'
X64_FALSE='#'
X64_TRUE=''
X86_FALSE=''
X86_TRUE='#'
ac_ct_AR='ar'
ac_ct_CC='gcc'
ac_ct_DUMPBIN=''
am__EXEEXT_FALSE='#'
am__EXEEXT_TRUE=''
am__fastdepCCAS_FALSE='#'
am__fastdepCCAS_TRUE=''
am__fastdepCC_FALSE='#'
am__fastdepCC_TRUE=''
am__include='include'
am__isrc=''
am__leading_dot='.'
am__nodep='_no'
am__quote=''
am__tar='$${TAR-tar} chof - "$$tardir"'
am__untar='$${TAR-tar} xf -'
bindir='${exec_prefix}/bin'
build='x86_64-w64-mingw32'
build_alias='x86_64-w64-mingw32'
build_cpu='x86_64'
build_os='mingw32'
build_vendor='w64'
datadir='${datarootdir}'
datarootdir='${prefix}/share'
docdir='${datarootdir}/doc/${PACKAGE_TARNAME}'
dvidir='${docdir}'
exec_prefix='${prefix}'
host='x86_64-w64-mingw32'
host_alias=''
host_cpu='x86_64'
host_os='mingw32'
host_vendor='w64'
htmldir='${docdir}'
includedir='${prefix}/include'
infodir='${datarootdir}/info'
install_sh='${SHELL} /c/qtproject/libass/install-sh'
libdir='${exec_prefix}/lib'
libexecdir='${exec_prefix}/libexec'
localedir='${datarootdir}/locale'
localstatedir='${prefix}/var'
mandir='${datarootdir}/man'
mkdir_p='$(MKDIR_P)'
nasm_check='yes'
oldincludedir='/usr/include'
pdfdir='${docdir}'
prefix='/mingw64'
program_transform_name='s,x,x,'
psdir='${docdir}'
sbindir='${exec_prefix}/sbin'
sharedstatedir='${prefix}/com'
sysconfdir='${prefix}/etc'
target_alias=''

## ----------- ##
## confdefs.h. ##
## ----------- ##

/* confdefs.h */
#define PACKAGE_NAME "libass"
#define PACKAGE_TARNAME "libass"
#define PACKAGE_VERSION "0.14.0"
#define PACKAGE_STRING "libass 0.14.0"
#define PACKAGE_BUGREPORT ""
#define PACKAGE_URL ""
#define PACKAGE "libass"
#define VERSION "0.14.0"
#define STDC_HEADERS 1
#define HAVE_SYS_TYPES_H 1
#define HAVE_SYS_STAT_H 1
#define HAVE_STDLIB_H 1
#define HAVE_STRING_H 1
#define HAVE_MEMORY_H 1
#define HAVE_STRINGS_H 1
#define HAVE_INTTYPES_H 1
#define HAVE_STDINT_H 1
#define HAVE_UNISTD_H 1
#define LT_OBJDIR ".libs/"
#define STDC_HEADERS 1
#define HAVE__BOOL 1
#define HAVE_STDBOOL_H 1
#define HAVE_STDINT_H 1
#define HAVE_ICONV_H 1
#define HAVE_STRDUP 1
#define HAVE_LIBM 1
#define CONFIG_ASM 1
#define CONFIG_FREETYPE 1
#define CONFIG_FRIBIDI 1
#define CONFIG_DIRECTWRITE 1
#define CONFIG_HARFBUZZ 1
#define CONFIG_LIBPNG 1
#define CONFIG_ICONV 1

configure: exit 0
